<?xml version="1.0" encoding="UTF-8"?>
<!-- Generated by org.testng.reporters.JUnitXMLReporter -->
<testsuite hostname="NCHINDALIYA01" ignored="0" name="Test" tests="6" failures="0" timestamp="2021-09-09T12:24:27 IST" time="100.597" errors="0">
  <testcase name="addNewCustomer" time="14.75" classname="com.inetbanking.testCases.TC_AddNewCustomer_003"/>
  <testcase name="editCustomer" time="12.93" classname="com.inetbanking.testCases.TC_EditCustomer_004"/>
  <testcase name="NewAccount" time="9.428" classname="com.inetbanking.testCases.TC_AddNewAccount_005"/>
  <testcase name="DepositAmount" time="9.647" classname="com.inetbanking.testCases.TC_AddDepositAmount_006"/>
  <testcase name="amountWithdraw" time="9.921" classname="com.inetbanking.testCases.TC_WithdrwalAmount_008"/>
  <testcase name="minStatement" time="12.343" classname="com.inetbanking.testCases.TC_MiniStatement_007"/>
</testsuite> <!-- Test -->
