<?xml version="1.0" encoding="UTF-8"?>
<!-- Generated by org.testng.reporters.JUnitXMLReporter -->
<testsuite hostname="NCHINDALIYA01" ignored="0" name="Test" tests="6" failures="0" timestamp="2021-09-09T12:41:47 IST" time="89.832" errors="0">
  <testcase name="addNewCustomer" time="13.491" classname="com.inetbanking.testCases.TC_AddNewCustomer_003"/>
  <testcase name="editCustomer" time="11.79" classname="com.inetbanking.testCases.TC_EditCustomer_004"/>
  <testcase name="NewAccount" time="8.821" classname="com.inetbanking.testCases.TC_AddNewAccount_005"/>
  <testcase name="DepositAmount" time="8.85" classname="com.inetbanking.testCases.TC_AddDepositAmount_006"/>
  <testcase name="amountWithdraw" time="9.264" classname="com.inetbanking.testCases.TC_WithdrwalAmount_008"/>
  <testcase name="minStatement" time="11.015" classname="com.inetbanking.testCases.TC_MiniStatement_007"/>
</testsuite> <!-- Test -->
