<?xml version="1.0" encoding="UTF-8"?>
<testng-results skipped="0" failed="0" ignored="0" total="1" passed="1">
  <reporter-output>
  </reporter-output>
  <suite name="Suite" duration-ms="14310" started-at="2021-09-02T18:20:59 IST" finished-at="2021-09-02T18:21:14 IST">
    <groups>
    </groups>
    <test name="Test" duration-ms="14310" started-at="2021-09-02T18:20:59 IST" finished-at="2021-09-02T18:21:14 IST">
      <class name="com.inetbanking.testCases.TC_EditCustomer_004">
        <test-method status="PASS" signature="setup(java.lang.String)[pri:0, instance:com.inetbanking.testCases.TC_EditCustomer_004@306279ee]" name="setup" is-config="true" duration-ms="4879" started-at="2021-09-02T18:21:00 IST" finished-at="2021-09-02T18:21:04 IST">
          <params>
            <param index="0">
              <value>
                <![CDATA[edge]]>
              </value>
            </param>
          </params>
          <reporter-output>
          </reporter-output>
        </test-method> <!-- setup -->
        <test-method status="PASS" signature="editCustomer()[pri:0, instance:com.inetbanking.testCases.TC_EditCustomer_004@306279ee]" name="editCustomer" duration-ms="9196" started-at="2021-09-02T18:21:04 IST" finished-at="2021-09-02T18:21:14 IST">
          <reporter-output>
          </reporter-output>
        </test-method> <!-- editCustomer -->
        <test-method status="PASS" signature="tearDown()[pri:0, instance:com.inetbanking.testCases.TC_EditCustomer_004@306279ee]" name="tearDown" is-config="true" duration-ms="103" started-at="2021-09-02T18:21:14 IST" finished-at="2021-09-02T18:21:14 IST">
          <reporter-output>
          </reporter-output>
        </test-method> <!-- tearDown -->
      </class> <!-- com.inetbanking.testCases.TC_EditCustomer_004 -->
    </test> <!-- Test -->
  </suite> <!-- Suite -->
</testng-results>
